     1                                  %macro output 2
     2                                  	mov rax,1
     3                                  	mov rdi,1
     4                                  	mov rsi,%1
     5                                  	mov rdx,%2
     6                                  	syscall
     7                                  %endmacro
     8                                  %macro input 2
     9                                  	mov rax,0
    10                                  	mov rdi,0
    11                                  	mov rsi,%1
    12                                  	mov rdx,%2
    13                                  	syscall
    14                                  %endmacro
    15                                  %macro exit 0
    16                                  	mov rax,60
    17                                  	mov rdi,0
    18                                  	syscall
    19                                  %endmacro
    20                                  section .data
    21 00000000 456E74657220596F75-     	msg1 db "Enter Your Name:",20H
    21 00000009 72204E616D653A20   
    22                                  	msg1len equ $-msg1
    23 00000011 596F7572206E616D65-     	msg2 db "Your name is: ", 20H
    23 0000001A 2069733A2020       
    24                                  	msg2len equ $-msg2
    25                                  
    26                                  section .bss
    27 00000000 <res 00000014>          	nm resb 20
    28 00000014 <res 00000001>          	len resb 1
    29                                  
    30                                  section .code
    31                                  	global _start
    32                                  	_start:
    33                                  		output msg1,msg1len
    33 00000000 B801000000          <1>  mov rax,1
    33 00000005 BF01000000          <1>  mov rdi,1
    33 0000000A 48BE-               <1>  mov rsi,%1
    33 0000000C [0000000000000000]  <1>
    33 00000014 BA11000000          <1>  mov rdx,%2
    33 00000019 0F05                <1>  syscall
    34                                  		input nm,20
    34 0000001B B800000000          <1>  mov rax,0
    34 00000020 BF00000000          <1>  mov rdi,0
    34 00000025 48BE-               <1>  mov rsi,%1
    34 00000027 [0000000000000000]  <1>
    34 0000002F BA14000000          <1>  mov rdx,%2
    34 00000034 0F05                <1>  syscall
    35                                  		
    36 00000036 48890425[14000000]      		mov [len],rax
    37                                  		
    38                                  		output msg2,msg2len
    38 0000003E B801000000          <1>  mov rax,1
    38 00000043 BF01000000          <1>  mov rdi,1
    38 00000048 48BE-               <1>  mov rsi,%1
    38 0000004A [1100000000000000]  <1>
    38 00000052 BA0F000000          <1>  mov rdx,%2
    38 00000057 0F05                <1>  syscall
    39                                  		output nm,[len] 
    39 00000059 B801000000          <1>  mov rax,1
    39 0000005E BF01000000          <1>  mov rdi,1
    39 00000063 48BE-               <1>  mov rsi,%1
    39 00000065 [0000000000000000]  <1>
    39 0000006D 488B1425[14000000]  <1>  mov rdx,%2
    39 00000075 0F05                <1>  syscall
    40                                  		
    41                                  		exit
    41 00000077 B83C000000          <1>  mov rax,60
    41 0000007C BF00000000          <1>  mov rdi,0
    41 00000081 0F05                <1>  syscall
